<?xml version="1.0" encoding="UTF-8"?>
<!-- Generated by org.testng.reporters.JUnitReportReporter -->
<testsuite skipped="0" hostname="tester-VirtualBox" name="CalculatorTest" tests="2" failures="0" timestamp="2021-05-08T10:25:40 CEST" time="0.006" errors="0">
  <testcase name="testMultiply" time="0.001" classname="CalculatorTest"/>
  <system-out/>
  <testcase name="testAdd" time="0.005" classname="CalculatorTest"/>
  <system-out/>
</testsuite> <!-- CalculatorTest -->
